[multi] 14 mapping(s) across 1 file(s)
[multi] Processing 14 lemma(s) from C:\Git\lemmafit-fide-swiss-tournament\lemmafit\dafny\Domain.dfy
[claimcheck] 14 mapping(s)
  - "Participant count is between 2 and 19 when tournament is active or finished" → Guarantee_ParticipantCount
  - "Total rounds is at least 1 when tournament is active or finished" → Guarantee_TotalRoundsMin
  - "Current round count never exceeds total rounds" → Guarantee_CurrentRoundBound
  - "Participants have non-negative scores at all times" → Guarantee_ScoresNonNegative
  - "Opponent tracking is symmetric across all participants (FIDE Rule 2 foundation)" → Guarantee_OpponentsSymmetric
  - "Accepted round pairings contain no rematches between participants (FIDE Rule 2)" → NoRematchesWhenValid
  - "Each participant appears at most once in accepted round pairings (FIDE Rule 3)" → Guarantee_ParticipantAppearsOnce
  - "A bye is present when and only when the participant count is odd (FIDE Rule 3)" → ByeIffOddWhenValid
  - "Accepted bye recipient has not previously received a pairing-allocated bye (FIDE Rule 4)" → ByeRecipientEligibleWhenValid
  - "Active round always has structurally valid pairings and valid participant indices" → Guarantee_ActiveRoundValid
  - "Color history length equals total games played as white plus black for every participant" → Guarantee_ColorHistoryConsistency
  - "When colors are assigned via ChooseColors, the color difference for each participant in the pairing stays within minus 2 to 2 (FIDE Rule 6)" → ChooseColorsPreservesColorDiff
  - "When a valid non-repeating color is appended to a participant's color history, the no-three-consecutive-same-color property is preserved (FIDE Rule 7)" → ColorAlternationPreservesNoThree
  - "All accepted pairings cover every participant exactly once (bye or paired)" → Guarantee_FullCoverage

[claimcheck] Auditing 14 mapping(s)...
[audit] Extracting 14 lemma(s) from source...
[audit] Extracted 14/14 lemma(s)
[roundtrip] Informalizing 14 lemma(s)...
[roundtrip] Comparing 14 pair(s)...
[roundtrip] Passed: 14, Failed: 0
[claimcheck] Confirmed: 14, Disputed: 0, Errors: 0

